Determining if the pthread_create exist failed with the following output:
Change Dir: /home/wallace/Desktop/nano/nanogui-test/CMakeFiles/CMakeTmp

Run Build Command:"/usr/bin/make" "cmTC_b3d12/fast"
/usr/bin/make -f CMakeFiles/cmTC_b3d12.dir/build.make CMakeFiles/cmTC_b3d12.dir/build
make[1]: Entering directory '/home/wallace/Desktop/nano/nanogui-test/CMakeFiles/CMakeTmp'
Building C object CMakeFiles/cmTC_b3d12.dir/CheckSymbolExists.c.o
/usr/bin/cc     -o CMakeFiles/cmTC_b3d12.dir/CheckSymbolExists.c.o   -c /home/wallace/Desktop/nano/nanogui-test/CMakeFiles/CMakeTmp/CheckSymbolExists.c
Linking C executable cmTC_b3d12
/usr/bin/cmake -E cmake_link_script CMakeFiles/cmTC_b3d12.dir/link.txt --verbose=1
/usr/bin/cc       CMakeFiles/cmTC_b3d12.dir/CheckSymbolExists.c.o  -o cmTC_b3d12 -rdynamic 
CMakeFiles/cmTC_b3d12.dir/CheckSymbolExists.c.o: In function `main':
CheckSymbolExists.c:(.text+0x16): undefined reference to `pthread_create'
collect2: error: ld returned 1 exit status
CMakeFiles/cmTC_b3d12.dir/build.make:97: recipe for target 'cmTC_b3d12' failed
make[1]: *** [cmTC_b3d12] Error 1
make[1]: Leaving directory '/home/wallace/Desktop/nano/nanogui-test/CMakeFiles/CMakeTmp'
Makefile:126: recipe for target 'cmTC_b3d12/fast' failed
make: *** [cmTC_b3d12/fast] Error 2

File /home/wallace/Desktop/nano/nanogui-test/CMakeFiles/CMakeTmp/CheckSymbolExists.c:
/* */
#include <pthread.h>

int main(int argc, char** argv)
{
  (void)argv;
#ifndef pthread_create
  return ((int*)(&pthread_create))[argc];
#else
  (void)argc;
  return 0;
#endif
}

Determining if the function pthread_create exists in the pthreads failed with the following output:
Change Dir: /home/wallace/Desktop/nano/nanogui-test/CMakeFiles/CMakeTmp

Run Build Command:"/usr/bin/make" "cmTC_e5b3f/fast"
/usr/bin/make -f CMakeFiles/cmTC_e5b3f.dir/build.make CMakeFiles/cmTC_e5b3f.dir/build
make[1]: Entering directory '/home/wallace/Desktop/nano/nanogui-test/CMakeFiles/CMakeTmp'
Building C object CMakeFiles/cmTC_e5b3f.dir/CheckFunctionExists.c.o
/usr/bin/cc    -DCHECK_FUNCTION_EXISTS=pthread_create   -o CMakeFiles/cmTC_e5b3f.dir/CheckFunctionExists.c.o   -c /usr/share/cmake-3.5/Modules/CheckFunctionExists.c
Linking C executable cmTC_e5b3f
/usr/bin/cmake -E cmake_link_script CMakeFiles/cmTC_e5b3f.dir/link.txt --verbose=1
/usr/bin/cc   -DCHECK_FUNCTION_EXISTS=pthread_create    CMakeFiles/cmTC_e5b3f.dir/CheckFunctionExists.c.o  -o cmTC_e5b3f -rdynamic -lpthreads 
/usr/bin/ld: cannot find -lpthreads
collect2: error: ld returned 1 exit status
CMakeFiles/cmTC_e5b3f.dir/build.make:97: recipe for target 'cmTC_e5b3f' failed
make[1]: *** [cmTC_e5b3f] Error 1
make[1]: Leaving directory '/home/wallace/Desktop/nano/nanogui-test/CMakeFiles/CMakeTmp'
Makefile:126: recipe for target 'cmTC_e5b3f/fast' failed
make: *** [cmTC_e5b3f/fast] Error 2


Determining if the pthread_create exist failed with the following output:
Change Dir: /home/wallace/Desktop/nano/nanogui-test/CMakeFiles/CMakeTmp

Run Build Command:"/usr/bin/make" "cmTC_ac5b6/fast"
/usr/bin/make -f CMakeFiles/cmTC_ac5b6.dir/build.make CMakeFiles/cmTC_ac5b6.dir/build
make[1]: Entering directory '/home/wallace/Desktop/nano/nanogui-test/CMakeFiles/CMakeTmp'
Building C object CMakeFiles/cmTC_ac5b6.dir/CheckSymbolExists.c.o
/usr/bin/cc     -o CMakeFiles/cmTC_ac5b6.dir/CheckSymbolExists.c.o   -c /home/wallace/Desktop/nano/nanogui-test/CMakeFiles/CMakeTmp/CheckSymbolExists.c
Linking C executable cmTC_ac5b6
/usr/bin/cmake -E cmake_link_script CMakeFiles/cmTC_ac5b6.dir/link.txt --verbose=1
/usr/bin/cc       CMakeFiles/cmTC_ac5b6.dir/CheckSymbolExists.c.o  -o cmTC_ac5b6 -rdynamic 
CMakeFiles/cmTC_ac5b6.dir/CheckSymbolExists.c.o: In function `main':
CheckSymbolExists.c:(.text+0x16): undefined reference to `pthread_create'
collect2: error: ld returned 1 exit status
CMakeFiles/cmTC_ac5b6.dir/build.make:97: recipe for target 'cmTC_ac5b6' failed
make[1]: *** [cmTC_ac5b6] Error 1
make[1]: Leaving directory '/home/wallace/Desktop/nano/nanogui-test/CMakeFiles/CMakeTmp'
Makefile:126: recipe for target 'cmTC_ac5b6/fast' failed
make: *** [cmTC_ac5b6/fast] Error 2

File /home/wallace/Desktop/nano/nanogui-test/CMakeFiles/CMakeTmp/CheckSymbolExists.c:
/* */
#include <pthread.h>

int main(int argc, char** argv)
{
  (void)argv;
#ifndef pthread_create
  return ((int*)(&pthread_create))[argc];
#else
  (void)argc;
  return 0;
#endif
}

Determining if the function pthread_create exists in the pthreads failed with the following output:
Change Dir: /home/wallace/Desktop/nano/nanogui-test/CMakeFiles/CMakeTmp

Run Build Command:"/usr/bin/make" "cmTC_c3c0c/fast"
/usr/bin/make -f CMakeFiles/cmTC_c3c0c.dir/build.make CMakeFiles/cmTC_c3c0c.dir/build
make[1]: Entering directory '/home/wallace/Desktop/nano/nanogui-test/CMakeFiles/CMakeTmp'
Building C object CMakeFiles/cmTC_c3c0c.dir/CheckFunctionExists.c.o
/usr/bin/cc    -DCHECK_FUNCTION_EXISTS=pthread_create   -o CMakeFiles/cmTC_c3c0c.dir/CheckFunctionExists.c.o   -c /usr/share/cmake-3.5/Modules/CheckFunctionExists.c
Linking C executable cmTC_c3c0c
/usr/bin/cmake -E cmake_link_script CMakeFiles/cmTC_c3c0c.dir/link.txt --verbose=1
/usr/bin/cc   -DCHECK_FUNCTION_EXISTS=pthread_create    CMakeFiles/cmTC_c3c0c.dir/CheckFunctionExists.c.o  -o cmTC_c3c0c -rdynamic -lpthreads 
/usr/bin/ld: cannot find -lpthreads
collect2: error: ld returned 1 exit status
CMakeFiles/cmTC_c3c0c.dir/build.make:97: recipe for target 'cmTC_c3c0c' failed
make[1]: *** [cmTC_c3c0c] Error 1
make[1]: Leaving directory '/home/wallace/Desktop/nano/nanogui-test/CMakeFiles/CMakeTmp'
Makefile:126: recipe for target 'cmTC_c3c0c/fast' failed
make: *** [cmTC_c3c0c/fast] Error 2


Determining if the pthread_create exist failed with the following output:
Change Dir: /home/suhongk/Documents/CMPT764_GM/nanogui_cmpt_464/CMakeFiles/CMakeTmp

Run Build Command:"/usr/bin/make" "cmTC_4a769/fast"
/usr/bin/make -f CMakeFiles/cmTC_4a769.dir/build.make CMakeFiles/cmTC_4a769.dir/build
make[1]: Entering directory '/home/suhongk/Documents/CMPT764_GM/nanogui_cmpt_464/CMakeFiles/CMakeTmp'
Building C object CMakeFiles/cmTC_4a769.dir/CheckSymbolExists.c.o
/usr/bin/cc     -o CMakeFiles/cmTC_4a769.dir/CheckSymbolExists.c.o   -c /home/suhongk/Documents/CMPT764_GM/nanogui_cmpt_464/CMakeFiles/CMakeTmp/CheckSymbolExists.c
Linking C executable cmTC_4a769
/usr/bin/cmake -E cmake_link_script CMakeFiles/cmTC_4a769.dir/link.txt --verbose=1
/usr/bin/cc       CMakeFiles/cmTC_4a769.dir/CheckSymbolExists.c.o  -o cmTC_4a769 -rdynamic 
CMakeFiles/cmTC_4a769.dir/CheckSymbolExists.c.o: In function `main':
CheckSymbolExists.c:(.text+0x16): undefined reference to `pthread_create'
collect2: error: ld returned 1 exit status
CMakeFiles/cmTC_4a769.dir/build.make:97: recipe for target 'cmTC_4a769' failed
make[1]: *** [cmTC_4a769] Error 1
make[1]: Leaving directory '/home/suhongk/Documents/CMPT764_GM/nanogui_cmpt_464/CMakeFiles/CMakeTmp'
Makefile:126: recipe for target 'cmTC_4a769/fast' failed
make: *** [cmTC_4a769/fast] Error 2

File /home/suhongk/Documents/CMPT764_GM/nanogui_cmpt_464/CMakeFiles/CMakeTmp/CheckSymbolExists.c:
/* */
#include <pthread.h>

int main(int argc, char** argv)
{
  (void)argv;
#ifndef pthread_create
  return ((int*)(&pthread_create))[argc];
#else
  (void)argc;
  return 0;
#endif
}

Determining if the function pthread_create exists in the pthreads failed with the following output:
Change Dir: /home/suhongk/Documents/CMPT764_GM/nanogui_cmpt_464/CMakeFiles/CMakeTmp

Run Build Command:"/usr/bin/make" "cmTC_9fddc/fast"
/usr/bin/make -f CMakeFiles/cmTC_9fddc.dir/build.make CMakeFiles/cmTC_9fddc.dir/build
make[1]: Entering directory '/home/suhongk/Documents/CMPT764_GM/nanogui_cmpt_464/CMakeFiles/CMakeTmp'
Building C object CMakeFiles/cmTC_9fddc.dir/CheckFunctionExists.c.o
/usr/bin/cc    -DCHECK_FUNCTION_EXISTS=pthread_create   -o CMakeFiles/cmTC_9fddc.dir/CheckFunctionExists.c.o   -c /usr/share/cmake-3.5/Modules/CheckFunctionExists.c
Linking C executable cmTC_9fddc
/usr/bin/cmake -E cmake_link_script CMakeFiles/cmTC_9fddc.dir/link.txt --verbose=1
/usr/bin/cc   -DCHECK_FUNCTION_EXISTS=pthread_create    CMakeFiles/cmTC_9fddc.dir/CheckFunctionExists.c.o  -o cmTC_9fddc -rdynamic -lpthreads 
/usr/bin/ld: cannot find -lpthreads
collect2: error: ld returned 1 exit status
CMakeFiles/cmTC_9fddc.dir/build.make:97: recipe for target 'cmTC_9fddc' failed
make[1]: *** [cmTC_9fddc] Error 1
make[1]: Leaving directory '/home/suhongk/Documents/CMPT764_GM/nanogui_cmpt_464/CMakeFiles/CMakeTmp'
Makefile:126: recipe for target 'cmTC_9fddc/fast' failed
make: *** [cmTC_9fddc/fast] Error 2


Determining if the pthread_create exist failed with the following output:
Change Dir: /home/suhongk/Documents/CMPT764_GM/nanogui_cmpt_464/CMakeFiles/CMakeTmp

Run Build Command:"/usr/bin/make" "cmTC_caa41/fast"
/usr/bin/make -f CMakeFiles/cmTC_caa41.dir/build.make CMakeFiles/cmTC_caa41.dir/build
make[1]: Entering directory '/home/suhongk/Documents/CMPT764_GM/nanogui_cmpt_464/CMakeFiles/CMakeTmp'
Building C object CMakeFiles/cmTC_caa41.dir/CheckSymbolExists.c.o
/usr/bin/cc     -o CMakeFiles/cmTC_caa41.dir/CheckSymbolExists.c.o   -c /home/suhongk/Documents/CMPT764_GM/nanogui_cmpt_464/CMakeFiles/CMakeTmp/CheckSymbolExists.c
Linking C executable cmTC_caa41
/usr/bin/cmake -E cmake_link_script CMakeFiles/cmTC_caa41.dir/link.txt --verbose=1
/usr/bin/cc       CMakeFiles/cmTC_caa41.dir/CheckSymbolExists.c.o  -o cmTC_caa41 -rdynamic 
CMakeFiles/cmTC_caa41.dir/CheckSymbolExists.c.o: In function `main':
CheckSymbolExists.c:(.text+0x16): undefined reference to `pthread_create'
collect2: error: ld returned 1 exit status
CMakeFiles/cmTC_caa41.dir/build.make:97: recipe for target 'cmTC_caa41' failed
make[1]: *** [cmTC_caa41] Error 1
make[1]: Leaving directory '/home/suhongk/Documents/CMPT764_GM/nanogui_cmpt_464/CMakeFiles/CMakeTmp'
Makefile:126: recipe for target 'cmTC_caa41/fast' failed
make: *** [cmTC_caa41/fast] Error 2

File /home/suhongk/Documents/CMPT764_GM/nanogui_cmpt_464/CMakeFiles/CMakeTmp/CheckSymbolExists.c:
/* */
#include <pthread.h>

int main(int argc, char** argv)
{
  (void)argv;
#ifndef pthread_create
  return ((int*)(&pthread_create))[argc];
#else
  (void)argc;
  return 0;
#endif
}

Determining if the function pthread_create exists in the pthreads failed with the following output:
Change Dir: /home/suhongk/Documents/CMPT764_GM/nanogui_cmpt_464/CMakeFiles/CMakeTmp

Run Build Command:"/usr/bin/make" "cmTC_0a3f0/fast"
/usr/bin/make -f CMakeFiles/cmTC_0a3f0.dir/build.make CMakeFiles/cmTC_0a3f0.dir/build
make[1]: Entering directory '/home/suhongk/Documents/CMPT764_GM/nanogui_cmpt_464/CMakeFiles/CMakeTmp'
Building C object CMakeFiles/cmTC_0a3f0.dir/CheckFunctionExists.c.o
/usr/bin/cc    -DCHECK_FUNCTION_EXISTS=pthread_create   -o CMakeFiles/cmTC_0a3f0.dir/CheckFunctionExists.c.o   -c /usr/share/cmake-3.5/Modules/CheckFunctionExists.c
Linking C executable cmTC_0a3f0
/usr/bin/cmake -E cmake_link_script CMakeFiles/cmTC_0a3f0.dir/link.txt --verbose=1
/usr/bin/cc   -DCHECK_FUNCTION_EXISTS=pthread_create    CMakeFiles/cmTC_0a3f0.dir/CheckFunctionExists.c.o  -o cmTC_0a3f0 -rdynamic -lpthreads 
/usr/bin/ld: cannot find -lpthreads
collect2: error: ld returned 1 exit status
CMakeFiles/cmTC_0a3f0.dir/build.make:97: recipe for target 'cmTC_0a3f0' failed
make[1]: *** [cmTC_0a3f0] Error 1
make[1]: Leaving directory '/home/suhongk/Documents/CMPT764_GM/nanogui_cmpt_464/CMakeFiles/CMakeTmp'
Makefile:126: recipe for target 'cmTC_0a3f0/fast' failed
make: *** [cmTC_0a3f0/fast] Error 2


Determining if the pthread_create exist failed with the following output:
Change Dir: /home/suhongk/Documents/CMPT764_GM/nanogui_cmpt_464/CMakeFiles/CMakeTmp

Run Build Command:"/usr/bin/make" "cmTC_71324/fast"
/usr/bin/make -f CMakeFiles/cmTC_71324.dir/build.make CMakeFiles/cmTC_71324.dir/build
make[1]: Entering directory '/home/suhongk/Documents/CMPT764_GM/nanogui_cmpt_464/CMakeFiles/CMakeTmp'
Building C object CMakeFiles/cmTC_71324.dir/CheckSymbolExists.c.o
/usr/bin/cc     -o CMakeFiles/cmTC_71324.dir/CheckSymbolExists.c.o   -c /home/suhongk/Documents/CMPT764_GM/nanogui_cmpt_464/CMakeFiles/CMakeTmp/CheckSymbolExists.c
Linking C executable cmTC_71324
/usr/bin/cmake -E cmake_link_script CMakeFiles/cmTC_71324.dir/link.txt --verbose=1
/usr/bin/cc       CMakeFiles/cmTC_71324.dir/CheckSymbolExists.c.o  -o cmTC_71324 -rdynamic 
CMakeFiles/cmTC_71324.dir/CheckSymbolExists.c.o: In function `main':
CheckSymbolExists.c:(.text+0x16): undefined reference to `pthread_create'
collect2: error: ld returned 1 exit status
CMakeFiles/cmTC_71324.dir/build.make:97: recipe for target 'cmTC_71324' failed
make[1]: *** [cmTC_71324] Error 1
make[1]: Leaving directory '/home/suhongk/Documents/CMPT764_GM/nanogui_cmpt_464/CMakeFiles/CMakeTmp'
Makefile:126: recipe for target 'cmTC_71324/fast' failed
make: *** [cmTC_71324/fast] Error 2

File /home/suhongk/Documents/CMPT764_GM/nanogui_cmpt_464/CMakeFiles/CMakeTmp/CheckSymbolExists.c:
/* */
#include <pthread.h>

int main(int argc, char** argv)
{
  (void)argv;
#ifndef pthread_create
  return ((int*)(&pthread_create))[argc];
#else
  (void)argc;
  return 0;
#endif
}

Determining if the function pthread_create exists in the pthreads failed with the following output:
Change Dir: /home/suhongk/Documents/CMPT764_GM/nanogui_cmpt_464/CMakeFiles/CMakeTmp

Run Build Command:"/usr/bin/make" "cmTC_a5126/fast"
/usr/bin/make -f CMakeFiles/cmTC_a5126.dir/build.make CMakeFiles/cmTC_a5126.dir/build
make[1]: Entering directory '/home/suhongk/Documents/CMPT764_GM/nanogui_cmpt_464/CMakeFiles/CMakeTmp'
Building C object CMakeFiles/cmTC_a5126.dir/CheckFunctionExists.c.o
/usr/bin/cc    -DCHECK_FUNCTION_EXISTS=pthread_create   -o CMakeFiles/cmTC_a5126.dir/CheckFunctionExists.c.o   -c /usr/share/cmake-3.5/Modules/CheckFunctionExists.c
Linking C executable cmTC_a5126
/usr/bin/cmake -E cmake_link_script CMakeFiles/cmTC_a5126.dir/link.txt --verbose=1
/usr/bin/cc   -DCHECK_FUNCTION_EXISTS=pthread_create    CMakeFiles/cmTC_a5126.dir/CheckFunctionExists.c.o  -o cmTC_a5126 -rdynamic -lpthreads 
/usr/bin/ld: cannot find -lpthreads
collect2: error: ld returned 1 exit status
CMakeFiles/cmTC_a5126.dir/build.make:97: recipe for target 'cmTC_a5126' failed
make[1]: *** [cmTC_a5126] Error 1
make[1]: Leaving directory '/home/suhongk/Documents/CMPT764_GM/nanogui_cmpt_464/CMakeFiles/CMakeTmp'
Makefile:126: recipe for target 'cmTC_a5126/fast' failed
make: *** [cmTC_a5126/fast] Error 2


Determining if the pthread_create exist failed with the following output:
Change Dir: /home/suhongk/Documents/CMPT764_GM/nanogui_cmpt_464/CMakeFiles/CMakeTmp

Run Build Command:"/usr/bin/make" "cmTC_93836/fast"
/usr/bin/make -f CMakeFiles/cmTC_93836.dir/build.make CMakeFiles/cmTC_93836.dir/build
make[1]: Entering directory '/home/suhongk/Documents/CMPT764_GM/nanogui_cmpt_464/CMakeFiles/CMakeTmp'
Building C object CMakeFiles/cmTC_93836.dir/CheckSymbolExists.c.o
/usr/bin/cc     -o CMakeFiles/cmTC_93836.dir/CheckSymbolExists.c.o   -c /home/suhongk/Documents/CMPT764_GM/nanogui_cmpt_464/CMakeFiles/CMakeTmp/CheckSymbolExists.c
Linking C executable cmTC_93836
/usr/bin/cmake -E cmake_link_script CMakeFiles/cmTC_93836.dir/link.txt --verbose=1
/usr/bin/cc       CMakeFiles/cmTC_93836.dir/CheckSymbolExists.c.o  -o cmTC_93836 -rdynamic 
CMakeFiles/cmTC_93836.dir/CheckSymbolExists.c.o: In function `main':
CheckSymbolExists.c:(.text+0x16): undefined reference to `pthread_create'
collect2: error: ld returned 1 exit status
CMakeFiles/cmTC_93836.dir/build.make:97: recipe for target 'cmTC_93836' failed
make[1]: *** [cmTC_93836] Error 1
make[1]: Leaving directory '/home/suhongk/Documents/CMPT764_GM/nanogui_cmpt_464/CMakeFiles/CMakeTmp'
Makefile:126: recipe for target 'cmTC_93836/fast' failed
make: *** [cmTC_93836/fast] Error 2

File /home/suhongk/Documents/CMPT764_GM/nanogui_cmpt_464/CMakeFiles/CMakeTmp/CheckSymbolExists.c:
/* */
#include <pthread.h>

int main(int argc, char** argv)
{
  (void)argv;
#ifndef pthread_create
  return ((int*)(&pthread_create))[argc];
#else
  (void)argc;
  return 0;
#endif
}

Determining if the function pthread_create exists in the pthreads failed with the following output:
Change Dir: /home/suhongk/Documents/CMPT764_GM/nanogui_cmpt_464/CMakeFiles/CMakeTmp

Run Build Command:"/usr/bin/make" "cmTC_8c96a/fast"
/usr/bin/make -f CMakeFiles/cmTC_8c96a.dir/build.make CMakeFiles/cmTC_8c96a.dir/build
make[1]: Entering directory '/home/suhongk/Documents/CMPT764_GM/nanogui_cmpt_464/CMakeFiles/CMakeTmp'
Building C object CMakeFiles/cmTC_8c96a.dir/CheckFunctionExists.c.o
/usr/bin/cc    -DCHECK_FUNCTION_EXISTS=pthread_create   -o CMakeFiles/cmTC_8c96a.dir/CheckFunctionExists.c.o   -c /usr/share/cmake-3.5/Modules/CheckFunctionExists.c
Linking C executable cmTC_8c96a
/usr/bin/cmake -E cmake_link_script CMakeFiles/cmTC_8c96a.dir/link.txt --verbose=1
/usr/bin/cc   -DCHECK_FUNCTION_EXISTS=pthread_create    CMakeFiles/cmTC_8c96a.dir/CheckFunctionExists.c.o  -o cmTC_8c96a -rdynamic -lpthreads 
/usr/bin/ld: cannot find -lpthreads
collect2: error: ld returned 1 exit status
CMakeFiles/cmTC_8c96a.dir/build.make:97: recipe for target 'cmTC_8c96a' failed
make[1]: *** [cmTC_8c96a] Error 1
make[1]: Leaving directory '/home/suhongk/Documents/CMPT764_GM/nanogui_cmpt_464/CMakeFiles/CMakeTmp'
Makefile:126: recipe for target 'cmTC_8c96a/fast' failed
make: *** [cmTC_8c96a/fast] Error 2


Determining if the pthread_create exist failed with the following output:
Change Dir: /home/suhongk/Documents/CMPT764_GM/nanogui_cmpt_464/CMakeFiles/CMakeTmp

Run Build Command:"/usr/bin/make" "cmTC_5ac3a/fast"
/usr/bin/make -f CMakeFiles/cmTC_5ac3a.dir/build.make CMakeFiles/cmTC_5ac3a.dir/build
make[1]: Entering directory '/home/suhongk/Documents/CMPT764_GM/nanogui_cmpt_464/CMakeFiles/CMakeTmp'
Building C object CMakeFiles/cmTC_5ac3a.dir/CheckSymbolExists.c.o
/usr/bin/cc     -o CMakeFiles/cmTC_5ac3a.dir/CheckSymbolExists.c.o   -c /home/suhongk/Documents/CMPT764_GM/nanogui_cmpt_464/CMakeFiles/CMakeTmp/CheckSymbolExists.c
Linking C executable cmTC_5ac3a
/usr/bin/cmake -E cmake_link_script CMakeFiles/cmTC_5ac3a.dir/link.txt --verbose=1
/usr/bin/cc       CMakeFiles/cmTC_5ac3a.dir/CheckSymbolExists.c.o  -o cmTC_5ac3a -rdynamic 
CMakeFiles/cmTC_5ac3a.dir/CheckSymbolExists.c.o: In function `main':
CheckSymbolExists.c:(.text+0x16): undefined reference to `pthread_create'
collect2: error: ld returned 1 exit status
CMakeFiles/cmTC_5ac3a.dir/build.make:97: recipe for target 'cmTC_5ac3a' failed
make[1]: *** [cmTC_5ac3a] Error 1
make[1]: Leaving directory '/home/suhongk/Documents/CMPT764_GM/nanogui_cmpt_464/CMakeFiles/CMakeTmp'
Makefile:126: recipe for target 'cmTC_5ac3a/fast' failed
make: *** [cmTC_5ac3a/fast] Error 2

File /home/suhongk/Documents/CMPT764_GM/nanogui_cmpt_464/CMakeFiles/CMakeTmp/CheckSymbolExists.c:
/* */
#include <pthread.h>

int main(int argc, char** argv)
{
  (void)argv;
#ifndef pthread_create
  return ((int*)(&pthread_create))[argc];
#else
  (void)argc;
  return 0;
#endif
}

Determining if the function pthread_create exists in the pthreads failed with the following output:
Change Dir: /home/suhongk/Documents/CMPT764_GM/nanogui_cmpt_464/CMakeFiles/CMakeTmp

Run Build Command:"/usr/bin/make" "cmTC_79ee5/fast"
/usr/bin/make -f CMakeFiles/cmTC_79ee5.dir/build.make CMakeFiles/cmTC_79ee5.dir/build
make[1]: Entering directory '/home/suhongk/Documents/CMPT764_GM/nanogui_cmpt_464/CMakeFiles/CMakeTmp'
Building C object CMakeFiles/cmTC_79ee5.dir/CheckFunctionExists.c.o
/usr/bin/cc    -DCHECK_FUNCTION_EXISTS=pthread_create   -o CMakeFiles/cmTC_79ee5.dir/CheckFunctionExists.c.o   -c /usr/share/cmake-3.5/Modules/CheckFunctionExists.c
Linking C executable cmTC_79ee5
/usr/bin/cmake -E cmake_link_script CMakeFiles/cmTC_79ee5.dir/link.txt --verbose=1
/usr/bin/cc   -DCHECK_FUNCTION_EXISTS=pthread_create    CMakeFiles/cmTC_79ee5.dir/CheckFunctionExists.c.o  -o cmTC_79ee5 -rdynamic -lpthreads 
/usr/bin/ld: cannot find -lpthreads
collect2: error: ld returned 1 exit status
CMakeFiles/cmTC_79ee5.dir/build.make:97: recipe for target 'cmTC_79ee5' failed
make[1]: *** [cmTC_79ee5] Error 1
make[1]: Leaving directory '/home/suhongk/Documents/CMPT764_GM/nanogui_cmpt_464/CMakeFiles/CMakeTmp'
Makefile:126: recipe for target 'cmTC_79ee5/fast' failed
make: *** [cmTC_79ee5/fast] Error 2


Determining if the pthread_create exist failed with the following output:
Change Dir: /home/suhongk/Documents/CMPT764_GM/nanogui_cmpt_464/CMakeFiles/CMakeTmp

Run Build Command:"/usr/bin/make" "cmTC_4a47a/fast"
/usr/bin/make -f CMakeFiles/cmTC_4a47a.dir/build.make CMakeFiles/cmTC_4a47a.dir/build
make[1]: Entering directory '/home/suhongk/Documents/CMPT764_GM/nanogui_cmpt_464/CMakeFiles/CMakeTmp'
Building C object CMakeFiles/cmTC_4a47a.dir/CheckSymbolExists.c.o
/usr/bin/cc     -o CMakeFiles/cmTC_4a47a.dir/CheckSymbolExists.c.o   -c /home/suhongk/Documents/CMPT764_GM/nanogui_cmpt_464/CMakeFiles/CMakeTmp/CheckSymbolExists.c
Linking C executable cmTC_4a47a
/usr/bin/cmake -E cmake_link_script CMakeFiles/cmTC_4a47a.dir/link.txt --verbose=1
/usr/bin/cc       CMakeFiles/cmTC_4a47a.dir/CheckSymbolExists.c.o  -o cmTC_4a47a -rdynamic 
CMakeFiles/cmTC_4a47a.dir/CheckSymbolExists.c.o: In function `main':
CheckSymbolExists.c:(.text+0x16): undefined reference to `pthread_create'
collect2: error: ld returned 1 exit status
CMakeFiles/cmTC_4a47a.dir/build.make:97: recipe for target 'cmTC_4a47a' failed
make[1]: *** [cmTC_4a47a] Error 1
make[1]: Leaving directory '/home/suhongk/Documents/CMPT764_GM/nanogui_cmpt_464/CMakeFiles/CMakeTmp'
Makefile:126: recipe for target 'cmTC_4a47a/fast' failed
make: *** [cmTC_4a47a/fast] Error 2

File /home/suhongk/Documents/CMPT764_GM/nanogui_cmpt_464/CMakeFiles/CMakeTmp/CheckSymbolExists.c:
/* */
#include <pthread.h>

int main(int argc, char** argv)
{
  (void)argv;
#ifndef pthread_create
  return ((int*)(&pthread_create))[argc];
#else
  (void)argc;
  return 0;
#endif
}

Determining if the function pthread_create exists in the pthreads failed with the following output:
Change Dir: /home/suhongk/Documents/CMPT764_GM/nanogui_cmpt_464/CMakeFiles/CMakeTmp

Run Build Command:"/usr/bin/make" "cmTC_dc0dc/fast"
/usr/bin/make -f CMakeFiles/cmTC_dc0dc.dir/build.make CMakeFiles/cmTC_dc0dc.dir/build
make[1]: Entering directory '/home/suhongk/Documents/CMPT764_GM/nanogui_cmpt_464/CMakeFiles/CMakeTmp'
Building C object CMakeFiles/cmTC_dc0dc.dir/CheckFunctionExists.c.o
/usr/bin/cc    -DCHECK_FUNCTION_EXISTS=pthread_create   -o CMakeFiles/cmTC_dc0dc.dir/CheckFunctionExists.c.o   -c /usr/share/cmake-3.5/Modules/CheckFunctionExists.c
Linking C executable cmTC_dc0dc
/usr/bin/cmake -E cmake_link_script CMakeFiles/cmTC_dc0dc.dir/link.txt --verbose=1
/usr/bin/cc   -DCHECK_FUNCTION_EXISTS=pthread_create    CMakeFiles/cmTC_dc0dc.dir/CheckFunctionExists.c.o  -o cmTC_dc0dc -rdynamic -lpthreads 
/usr/bin/ld: cannot find -lpthreads
collect2: error: ld returned 1 exit status
CMakeFiles/cmTC_dc0dc.dir/build.make:97: recipe for target 'cmTC_dc0dc' failed
make[1]: *** [cmTC_dc0dc] Error 1
make[1]: Leaving directory '/home/suhongk/Documents/CMPT764_GM/nanogui_cmpt_464/CMakeFiles/CMakeTmp'
Makefile:126: recipe for target 'cmTC_dc0dc/fast' failed
make: *** [cmTC_dc0dc/fast] Error 2


Determining if the pthread_create exist failed with the following output:
Change Dir: /home/suhongk/Documents/CMPT764_GM/assignment2/CMakeFiles/CMakeTmp

Run Build Command:"/usr/bin/make" "cmTC_398fc/fast"
/usr/bin/make -f CMakeFiles/cmTC_398fc.dir/build.make CMakeFiles/cmTC_398fc.dir/build
make[1]: Entering directory '/home/suhongk/Documents/CMPT764_GM/assignment2/CMakeFiles/CMakeTmp'
Building C object CMakeFiles/cmTC_398fc.dir/CheckSymbolExists.c.o
/usr/bin/cc     -o CMakeFiles/cmTC_398fc.dir/CheckSymbolExists.c.o   -c /home/suhongk/Documents/CMPT764_GM/assignment2/CMakeFiles/CMakeTmp/CheckSymbolExists.c
Linking C executable cmTC_398fc
/usr/bin/cmake -E cmake_link_script CMakeFiles/cmTC_398fc.dir/link.txt --verbose=1
/usr/bin/cc       CMakeFiles/cmTC_398fc.dir/CheckSymbolExists.c.o  -o cmTC_398fc -rdynamic 
CMakeFiles/cmTC_398fc.dir/CheckSymbolExists.c.o: In function `main':
CheckSymbolExists.c:(.text+0x16): undefined reference to `pthread_create'
collect2: error: ld returned 1 exit status
CMakeFiles/cmTC_398fc.dir/build.make:97: recipe for target 'cmTC_398fc' failed
make[1]: *** [cmTC_398fc] Error 1
make[1]: Leaving directory '/home/suhongk/Documents/CMPT764_GM/assignment2/CMakeFiles/CMakeTmp'
Makefile:126: recipe for target 'cmTC_398fc/fast' failed
make: *** [cmTC_398fc/fast] Error 2

File /home/suhongk/Documents/CMPT764_GM/assignment2/CMakeFiles/CMakeTmp/CheckSymbolExists.c:
/* */
#include <pthread.h>

int main(int argc, char** argv)
{
  (void)argv;
#ifndef pthread_create
  return ((int*)(&pthread_create))[argc];
#else
  (void)argc;
  return 0;
#endif
}

Determining if the function pthread_create exists in the pthreads failed with the following output:
Change Dir: /home/suhongk/Documents/CMPT764_GM/assignment2/CMakeFiles/CMakeTmp

Run Build Command:"/usr/bin/make" "cmTC_b45fc/fast"
/usr/bin/make -f CMakeFiles/cmTC_b45fc.dir/build.make CMakeFiles/cmTC_b45fc.dir/build
make[1]: Entering directory '/home/suhongk/Documents/CMPT764_GM/assignment2/CMakeFiles/CMakeTmp'
Building C object CMakeFiles/cmTC_b45fc.dir/CheckFunctionExists.c.o
/usr/bin/cc    -DCHECK_FUNCTION_EXISTS=pthread_create   -o CMakeFiles/cmTC_b45fc.dir/CheckFunctionExists.c.o   -c /usr/share/cmake-3.5/Modules/CheckFunctionExists.c
Linking C executable cmTC_b45fc
/usr/bin/cmake -E cmake_link_script CMakeFiles/cmTC_b45fc.dir/link.txt --verbose=1
/usr/bin/cc   -DCHECK_FUNCTION_EXISTS=pthread_create    CMakeFiles/cmTC_b45fc.dir/CheckFunctionExists.c.o  -o cmTC_b45fc -rdynamic -lpthreads 
/usr/bin/ld: cannot find -lpthreads
collect2: error: ld returned 1 exit status
CMakeFiles/cmTC_b45fc.dir/build.make:97: recipe for target 'cmTC_b45fc' failed
make[1]: *** [cmTC_b45fc] Error 1
make[1]: Leaving directory '/home/suhongk/Documents/CMPT764_GM/assignment2/CMakeFiles/CMakeTmp'
Makefile:126: recipe for target 'cmTC_b45fc/fast' failed
make: *** [cmTC_b45fc/fast] Error 2


Determining if the pthread_create exist failed with the following output:
Change Dir: /home/suhongk/Documents/CMPT764_GM/assignment2/CMakeFiles/CMakeTmp

Run Build Command:"/usr/bin/make" "cmTC_a6cfe/fast"
/usr/bin/make -f CMakeFiles/cmTC_a6cfe.dir/build.make CMakeFiles/cmTC_a6cfe.dir/build
make[1]: Entering directory '/home/suhongk/Documents/CMPT764_GM/assignment2/CMakeFiles/CMakeTmp'
Building C object CMakeFiles/cmTC_a6cfe.dir/CheckSymbolExists.c.o
/usr/bin/cc     -o CMakeFiles/cmTC_a6cfe.dir/CheckSymbolExists.c.o   -c /home/suhongk/Documents/CMPT764_GM/assignment2/CMakeFiles/CMakeTmp/CheckSymbolExists.c
Linking C executable cmTC_a6cfe
/usr/bin/cmake -E cmake_link_script CMakeFiles/cmTC_a6cfe.dir/link.txt --verbose=1
/usr/bin/cc       CMakeFiles/cmTC_a6cfe.dir/CheckSymbolExists.c.o  -o cmTC_a6cfe -rdynamic 
CMakeFiles/cmTC_a6cfe.dir/CheckSymbolExists.c.o: In function `main':
CheckSymbolExists.c:(.text+0x16): undefined reference to `pthread_create'
collect2: error: ld returned 1 exit status
CMakeFiles/cmTC_a6cfe.dir/build.make:97: recipe for target 'cmTC_a6cfe' failed
make[1]: *** [cmTC_a6cfe] Error 1
make[1]: Leaving directory '/home/suhongk/Documents/CMPT764_GM/assignment2/CMakeFiles/CMakeTmp'
Makefile:126: recipe for target 'cmTC_a6cfe/fast' failed
make: *** [cmTC_a6cfe/fast] Error 2

File /home/suhongk/Documents/CMPT764_GM/assignment2/CMakeFiles/CMakeTmp/CheckSymbolExists.c:
/* */
#include <pthread.h>

int main(int argc, char** argv)
{
  (void)argv;
#ifndef pthread_create
  return ((int*)(&pthread_create))[argc];
#else
  (void)argc;
  return 0;
#endif
}

Determining if the function pthread_create exists in the pthreads failed with the following output:
Change Dir: /home/suhongk/Documents/CMPT764_GM/assignment2/CMakeFiles/CMakeTmp

Run Build Command:"/usr/bin/make" "cmTC_305cf/fast"
/usr/bin/make -f CMakeFiles/cmTC_305cf.dir/build.make CMakeFiles/cmTC_305cf.dir/build
make[1]: Entering directory '/home/suhongk/Documents/CMPT764_GM/assignment2/CMakeFiles/CMakeTmp'
Building C object CMakeFiles/cmTC_305cf.dir/CheckFunctionExists.c.o
/usr/bin/cc    -DCHECK_FUNCTION_EXISTS=pthread_create   -o CMakeFiles/cmTC_305cf.dir/CheckFunctionExists.c.o   -c /usr/share/cmake-3.5/Modules/CheckFunctionExists.c
Linking C executable cmTC_305cf
/usr/bin/cmake -E cmake_link_script CMakeFiles/cmTC_305cf.dir/link.txt --verbose=1
/usr/bin/cc   -DCHECK_FUNCTION_EXISTS=pthread_create    CMakeFiles/cmTC_305cf.dir/CheckFunctionExists.c.o  -o cmTC_305cf -rdynamic -lpthreads 
/usr/bin/ld: cannot find -lpthreads
collect2: error: ld returned 1 exit status
CMakeFiles/cmTC_305cf.dir/build.make:97: recipe for target 'cmTC_305cf' failed
make[1]: *** [cmTC_305cf] Error 1
make[1]: Leaving directory '/home/suhongk/Documents/CMPT764_GM/assignment2/CMakeFiles/CMakeTmp'
Makefile:126: recipe for target 'cmTC_305cf/fast' failed
make: *** [cmTC_305cf/fast] Error 2


Determining if the pthread_create exist failed with the following output:
Change Dir: /home/suhongk/Documents/CMPT764_CG/assignment2/CMakeFiles/CMakeTmp

Run Build Command:"/usr/bin/make" "cmTC_417f5/fast"
/usr/bin/make -f CMakeFiles/cmTC_417f5.dir/build.make CMakeFiles/cmTC_417f5.dir/build
make[1]: Entering directory '/home/suhongk/Documents/CMPT764_CG/assignment2/CMakeFiles/CMakeTmp'
Building C object CMakeFiles/cmTC_417f5.dir/CheckSymbolExists.c.o
/usr/bin/cc     -o CMakeFiles/cmTC_417f5.dir/CheckSymbolExists.c.o   -c /home/suhongk/Documents/CMPT764_CG/assignment2/CMakeFiles/CMakeTmp/CheckSymbolExists.c
Linking C executable cmTC_417f5
/usr/bin/cmake -E cmake_link_script CMakeFiles/cmTC_417f5.dir/link.txt --verbose=1
/usr/bin/cc       CMakeFiles/cmTC_417f5.dir/CheckSymbolExists.c.o  -o cmTC_417f5 -rdynamic 
CMakeFiles/cmTC_417f5.dir/CheckSymbolExists.c.o: In function `main':
CheckSymbolExists.c:(.text+0x16): undefined reference to `pthread_create'
collect2: error: ld returned 1 exit status
CMakeFiles/cmTC_417f5.dir/build.make:97: recipe for target 'cmTC_417f5' failed
make[1]: *** [cmTC_417f5] Error 1
make[1]: Leaving directory '/home/suhongk/Documents/CMPT764_CG/assignment2/CMakeFiles/CMakeTmp'
Makefile:126: recipe for target 'cmTC_417f5/fast' failed
make: *** [cmTC_417f5/fast] Error 2

File /home/suhongk/Documents/CMPT764_CG/assignment2/CMakeFiles/CMakeTmp/CheckSymbolExists.c:
/* */
#include <pthread.h>

int main(int argc, char** argv)
{
  (void)argv;
#ifndef pthread_create
  return ((int*)(&pthread_create))[argc];
#else
  (void)argc;
  return 0;
#endif
}

Determining if the function pthread_create exists in the pthreads failed with the following output:
Change Dir: /home/suhongk/Documents/CMPT764_CG/assignment2/CMakeFiles/CMakeTmp

Run Build Command:"/usr/bin/make" "cmTC_9d954/fast"
/usr/bin/make -f CMakeFiles/cmTC_9d954.dir/build.make CMakeFiles/cmTC_9d954.dir/build
make[1]: Entering directory '/home/suhongk/Documents/CMPT764_CG/assignment2/CMakeFiles/CMakeTmp'
Building C object CMakeFiles/cmTC_9d954.dir/CheckFunctionExists.c.o
/usr/bin/cc    -DCHECK_FUNCTION_EXISTS=pthread_create   -o CMakeFiles/cmTC_9d954.dir/CheckFunctionExists.c.o   -c /usr/share/cmake-3.5/Modules/CheckFunctionExists.c
Linking C executable cmTC_9d954
/usr/bin/cmake -E cmake_link_script CMakeFiles/cmTC_9d954.dir/link.txt --verbose=1
/usr/bin/cc   -DCHECK_FUNCTION_EXISTS=pthread_create    CMakeFiles/cmTC_9d954.dir/CheckFunctionExists.c.o  -o cmTC_9d954 -rdynamic -lpthreads 
/usr/bin/ld: cannot find -lpthreads
collect2: error: ld returned 1 exit status
CMakeFiles/cmTC_9d954.dir/build.make:97: recipe for target 'cmTC_9d954' failed
make[1]: *** [cmTC_9d954] Error 1
make[1]: Leaving directory '/home/suhongk/Documents/CMPT764_CG/assignment2/CMakeFiles/CMakeTmp'
Makefile:126: recipe for target 'cmTC_9d954/fast' failed
make: *** [cmTC_9d954/fast] Error 2


